{
  "RSpec": {
    "coverage": {
      "/Users/diegofontecillagarcia/Projects/course/week_2/oyster_card/spec/oyster_card_spec.rb": [
        1,
        null,
        1,
        null,
        null,
        null,
        null,
        null,
        null,
        null,
        null,
        null,
        1,
        1,
        null,
        null,
        null,
        1,
        null,
        1,
        1,
        1,
        null,
        null,
        1,
        1,
        1,
        2,
        null,
        null,
        null,
        1,
        null,
        1,
        1,
        4,
        null,
        null,
        null,
        1,
        1,
        null,
        null,
        1,
        1,
        1,
        1,
        null,
        null,
        1,
        1,
        2,
        null,
        null,
        1,
        1,
        1,
        1,
        1,
        null,
        null
      ],
      "/Users/diegofontecillagarcia/Projects/course/week_2/oyster_card/lib/oyster_card.rb": [
        1,
        1,
        null,
        1,
        1,
        null,
        1,
        8,
        8,
        null,
        null,
        1,
        6,
        6,
        5,
        null,
        null,
        1,
        1,
        null,
        null,
        1,
        3,
        3,
        2,
        null,
        null,
        1,
        3,
        null,
        null,
        1,
        1,
        null,
        null
      ]
    },
    "timestamp": 1526998380
  }
}
