{
  "RSpec": {
    "coverage": {
      "/Users/diegofontecillagarcia/Projects/course/week_2/oyster_card/spec/oyster_card_spec.rb": [
        1,
        null,
        1,
        null,
        6,
        null,
        1,
        1,
        null,
        null,
        1,
        null,
        1,
        1,
        1,
        null,
        null,
        1,
        1,
        1,
        2,
        null,
        null,
        null,
        1,
        1,
        null,
        null,
        1,
        1,
        1,
        1,
        null,
        null,
        null,
        null,
        1,
        1,
        1,
        1,
        null,
        null,
        1,
        1,
        2,
        null,
        null,
        1,
        1,
        1,
        1,
        1,
        null,
        null,
        1,
        1,
        1,
        4,
        null,
        null
      ],
      "/Users/diegofontecillagarcia/Projects/course/week_2/oyster_card/lib/oyster_card.rb": [
        1,
        1,
        null,
        1,
        1,
        null,
        1,
        9,
        null,
        null,
        null,
        1,
        7,
        7,
        6,
        null,
        null,
        1,
        5,
        5,
        null,
        4,
        null,
        null,
        1,
        null,
        3,
        null,
        null,
        1,
        2,
        null,
        2,
        null,
        null,
        1,
        null,
        1,
        2,
        null,
        null
      ]
    },
    "timestamp": 1527004124
  }
}
